<?xml version="1.0" encoding="UTF-8"?>
<testng-results ignored="0" total="2" passed="2" failed="0" skipped="0">
  <reporter-output>
    <line>
      <![CDATA[{
    "connection_id": "bdc87100-9855-4570-85f0-9f5399c11b34",
    "invitation": {
        "@type": "did:sov:BzCbsNYhMrjHiqZDTUASHg;spec/connections/1.0/invitation",
        "@id": "913d489b-020a-4801-8829-def5af73146c",
        "recipientKeys": [
            "Fi9cvz2sYVQSayqudoUKDaGk9K5uPuCnYD7GNF4imhqv"
        ],
        "label": "Faber Agent",
        "serviceEndpoint": "http://172.31.25.166:8020"
    },
    "invitation_url": "http://172.31.25.166:8020?c_i=eyJAdHlwZSI6ICJkaWQ6c292OkJ6Q2JzTlloTXJqSGlxWkRUVUFTSGc7c3BlYy9jb25uZWN0aW9ucy8xLjAvaW52aXRhdGlvbiIsICJAaWQiOiAiOTEzZDQ4OWItMDIwYS00ODAxLTg4MjktZGVmNWFmNzMxNDZjIiwgInJlY2lwaWVudEtleXMiOiBbIkZpOWN2ejJzWVZRU2F5cXVkb1VLRGFHazlLNXVQdUNuWUQ3R05GNGltaHF2Il0sICJsYWJlbCI6ICJGYWJlciBBZ2VudCIsICJzZXJ2aWNlRW5kcG9pbnQiOiAiaHR0cDovLzE3Mi4zMS4yNS4xNjY6ODAyMCJ9"
}]]>
    </line>
  </reporter-output>
  <suite started-at="2021-08-06T10:56:55 IST" name="Default suite" finished-at="2021-08-06T10:57:03 IST" duration-ms="7520">
    <groups>
    </groups>
    <test started-at="2021-08-06T10:56:55 IST" name="Default test" finished-at="2021-08-06T10:57:03 IST" duration-ms="7520">
      <class name="resrAssuredTest.FaberConnection">
        <test-method is-config="true" signature="baseTest()[pri:0, instance:resrAssuredTest.FaberConnection@3a44431a]" started-at="2021-08-06T10:56:55 IST" name="baseTest" finished-at="2021-08-06T10:56:55 IST" duration-ms="59" status="PASS">
          <reporter-output>
          </reporter-output>
        </test-method> <!-- baseTest -->
        <test-method signature="faber_Create_Invitation()[pri:1, instance:resrAssuredTest.FaberConnection@3a44431a]" started-at="2021-08-06T10:56:55 IST" name="faber_Create_Invitation" finished-at="2021-08-06T10:57:01 IST" duration-ms="5277" status="PASS">
          <reporter-output>
            <line>
              <![CDATA[{
    "connection_id": "bdc87100-9855-4570-85f0-9f5399c11b34",
    "invitation": {
        "@type": "did:sov:BzCbsNYhMrjHiqZDTUASHg;spec/connections/1.0/invitation",
        "@id": "913d489b-020a-4801-8829-def5af73146c",
        "recipientKeys": [
            "Fi9cvz2sYVQSayqudoUKDaGk9K5uPuCnYD7GNF4imhqv"
        ],
        "label": "Faber Agent",
        "serviceEndpoint": "http://172.31.25.166:8020"
    },
    "invitation_url": "http://172.31.25.166:8020?c_i=eyJAdHlwZSI6ICJkaWQ6c292OkJ6Q2JzTlloTXJqSGlxWkRUVUFTSGc7c3BlYy9jb25uZWN0aW9ucy8xLjAvaW52aXRhdGlvbiIsICJAaWQiOiAiOTEzZDQ4OWItMDIwYS00ODAxLTg4MjktZGVmNWFmNzMxNDZjIiwgInJlY2lwaWVudEtleXMiOiBbIkZpOWN2ejJzWVZRU2F5cXVkb1VLRGFHazlLNXVQdUNuWUQ3R05GNGltaHF2Il0sICJsYWJlbCI6ICJGYWJlciBBZ2VudCIsICJzZXJ2aWNlRW5kcG9pbnQiOiAiaHR0cDovLzE3Mi4zMS4yNS4xNjY6ODAyMCJ9"
}]]>
            </line>
          </reporter-output>
        </test-method> <!-- faber_Create_Invitation -->
      </class> <!-- resrAssuredTest.FaberConnection -->
      <class name="resrAssuredTest.AliceAcceptFaberCon">
        <test-method is-config="true" signature="baseTest()[pri:0, instance:resrAssuredTest.AliceAcceptFaberCon@5884a914]" started-at="2021-08-06T10:57:01 IST" name="baseTest" finished-at="2021-08-06T10:57:01 IST" duration-ms="0" status="PASS">
          <reporter-output>
          </reporter-output>
        </test-method> <!-- baseTest -->
        <test-method signature="postTest()[pri:2, instance:resrAssuredTest.AliceAcceptFaberCon@5884a914]" started-at="2021-08-06T10:57:01 IST" name="postTest" finished-at="2021-08-06T10:57:03 IST" duration-ms="1885" status="PASS">
          <reporter-output>
          </reporter-output>
        </test-method> <!-- postTest -->
      </class> <!-- resrAssuredTest.AliceAcceptFaberCon -->
    </test> <!-- Default test -->
  </suite> <!-- Default suite -->
</testng-results>
